mode: set
github.com/ahermant/form3client/accounts.go:44.26,46.19 2 1
github.com/ahermant/form3client/accounts.go:49.2,49.12 1 0
github.com/ahermant/form3client/accounts.go:46.19,48.3 1 1
github.com/ahermant/form3client/accounts.go:53.33,55.2 1 1
github.com/ahermant/form3client/accounts.go:58.68,60.2 1 1
github.com/ahermant/form3client/accounts.go:63.71,65.2 1 1
github.com/ahermant/form3client/accounts.go:68.61,70.2 1 1
github.com/ahermant/form3client/form3client.go:19.35,21.2 1 1
github.com/ahermant/form3client/form3client.go:24.28,26.2 1 1
github.com/ahermant/form3client/form3client.go:28.77,31.16 2 1
github.com/ahermant/form3client/form3client.go:36.2,37.31 2 1
github.com/ahermant/form3client/form3client.go:31.16,33.3 1 0
github.com/ahermant/form3client/form3client.go:37.31,41.3 3 1
github.com/ahermant/form3client/form3client.go:41.8,43.3 1 1
github.com/ahermant/form3client/form3client.go:46.58,51.16 3 1
github.com/ahermant/form3client/form3client.go:56.2,57.16 2 1
github.com/ahermant/form3client/form3client.go:60.2,63.50 2 1
github.com/ahermant/form3client/form3client.go:51.16,53.3 1 0
github.com/ahermant/form3client/form3client.go:57.16,59.3 1 0
github.com/ahermant/form3client/form3client.go:66.55,72.16 4 1
github.com/ahermant/form3client/form3client.go:77.2,78.16 2 1
github.com/ahermant/form3client/form3client.go:81.2,84.50 2 1
github.com/ahermant/form3client/form3client.go:72.16,74.3 1 0
github.com/ahermant/form3client/form3client.go:78.16,80.3 1 0
github.com/ahermant/form3client/form3client.go:87.78,91.27 2 1
github.com/ahermant/form3client/form3client.go:96.2,101.16 4 1
github.com/ahermant/form3client/form3client.go:106.2,107.16 2 1
github.com/ahermant/form3client/form3client.go:110.2,113.48 2 1
github.com/ahermant/form3client/form3client.go:91.27,93.3 1 1
github.com/ahermant/form3client/form3client.go:101.16,103.3 1 0
github.com/ahermant/form3client/form3client.go:107.16,109.3 1 0
